0 info it worked if it ends with ok
1 verbose cli [ '/Users/khushbupatel/.nvm/versions/node/v5.0.0/bin/node',
1 verbose cli   '/Users/khushbupatel/.nvm/versions/node/v5.0.0/bin/npm',
1 verbose cli   'run',
1 verbose cli   'mongo' ]
2 info using npm@3.3.6
3 info using node@v5.0.0
4 verbose run-script [ 'premongo', 'mongo', 'postmongo' ]
5 info lifecycle todo-app@1.0.0~premongo: todo-app@1.0.0
6 silly lifecycle todo-app@1.0.0~premongo: no script for premongo, continuing
7 info lifecycle todo-app@1.0.0~mongo: todo-app@1.0.0
8 verbose lifecycle todo-app@1.0.0~mongo: unsafe-perm in lifecycle true
9 verbose lifecycle todo-app@1.0.0~mongo: PATH: /Users/khushbupatel/.nvm/versions/node/v5.0.0/lib/node_modules/npm/bin/node-gyp-bin:/Users/khushbupatel/Documents/AngularJS-Project/node_modules/.bin:/Users/khushbupatel/.nvm/versions/node/v5.0.0/lib/node_modules/npm/bin/node-gyp-bin:/Users/khushbupatel/Documents/AngularJS-Project/node_modules/.bin:/Users/khushbupatel/.nvm/versions/node/v5.0.0/bin:/usr/local/bin:/usr/bin:/bin:/usr/sbin:/sbin:/usr/local/rvm/bin
10 verbose lifecycle todo-app@1.0.0~mongo: CWD: /Users/khushbupatel/Documents/AngularJS-Project
11 silly lifecycle todo-app@1.0.0~mongo: Args: [ '-c', 'mongod --dbpath data/db' ]
12 silly lifecycle todo-app@1.0.0~mongo: Returned: code: 100  signal: null
13 info lifecycle todo-app@1.0.0~mongo: Failed to exec mongo script
14 verbose stack Error: todo-app@1.0.0 mongo: `mongod --dbpath data/db`
14 verbose stack Exit status 100
14 verbose stack     at EventEmitter.<anonymous> (/Users/khushbupatel/.nvm/versions/node/v5.0.0/lib/node_modules/npm/lib/utils/lifecycle.js:233:16)
14 verbose stack     at emitTwo (events.js:87:13)
14 verbose stack     at EventEmitter.emit (events.js:172:7)
14 verbose stack     at ChildProcess.<anonymous> (/Users/khushbupatel/.nvm/versions/node/v5.0.0/lib/node_modules/npm/lib/utils/spawn.js:24:14)
14 verbose stack     at emitTwo (events.js:87:13)
14 verbose stack     at ChildProcess.emit (events.js:172:7)
14 verbose stack     at maybeClose (internal/child_process.js:818:16)
14 verbose stack     at Process.ChildProcess._handle.onexit (internal/child_process.js:211:5)
15 verbose pkgid todo-app@1.0.0
16 verbose cwd /Users/khushbupatel/Documents/AngularJS-Project
17 error Darwin 15.6.0
18 error argv "/Users/khushbupatel/.nvm/versions/node/v5.0.0/bin/node" "/Users/khushbupatel/.nvm/versions/node/v5.0.0/bin/npm" "run" "mongo"
19 error node v5.0.0
20 error npm  v3.3.6
21 error code ELIFECYCLE
22 error todo-app@1.0.0 mongo: `mongod --dbpath data/db`
22 error Exit status 100
23 error Failed at the todo-app@1.0.0 mongo script 'mongod --dbpath data/db'.
23 error This is most likely a problem with the todo-app package,
23 error not with npm itself.
23 error Tell the author that this fails on your system:
23 error     mongod --dbpath data/db
23 error You can get their info via:
23 error     npm owner ls todo-app
23 error There is likely additional logging output above.
24 verbose exit [ 1, true ]
